-I: Adding /mnt/d/Marc/TFG/Simulacions_amber/software/amber24/dat/leap/prep to search path.
-I: Adding /mnt/d/Marc/TFG/Simulacions_amber/software/amber24/dat/leap/lib to search path.
-I: Adding /mnt/d/Marc/TFG/Simulacions_amber/software/amber24/dat/leap/parm to search path.
-I: Adding /mnt/d/Marc/TFG/Simulacions_amber/software/amber24/dat/leap/cmd to search path.
-s: Ignoring all leaprc startup files.
-f: Source tmp_generados/leap_sequencia_11.inp.

Welcome to LEaP!
Sourcing: ./tmp_generados/leap_sequencia_11.inp
----- Source: /mnt/d/Marc/TFG/Simulacions_amber/software/amber24/dat/leap/cmd/leaprc.protein.ff14SB
----- Source of /mnt/d/Marc/TFG/Simulacions_amber/software/amber24/dat/leap/cmd/leaprc.protein.ff14SB done
Log file: ./leap.log
Loading parameters: /mnt/d/Marc/TFG/Simulacions_amber/software/amber24/dat/leap/parm/parm10.dat
Reading title:
PARM99 + frcmod.ff99SB + frcmod.parmbsc0 + OL3 for RNA
Loading parameters: /mnt/d/Marc/TFG/Simulacions_amber/software/amber24/dat/leap/parm/frcmod.ff14SB
Reading force field modification type file (frcmod)
Reading title:
ff14SB protein backbone and sidechain parameters
Loading library: /mnt/d/Marc/TFG/Simulacions_amber/software/amber24/dat/leap/lib/amino12.lib
Loading library: /mnt/d/Marc/TFG/Simulacions_amber/software/amber24/dat/leap/lib/aminoct12.lib
Loading library: /mnt/d/Marc/TFG/Simulacions_amber/software/amber24/dat/leap/lib/aminont12.lib
----- Source: /mnt/d/Marc/TFG/Simulacions_amber/software/amber24/dat/leap/cmd/leaprc.water.tip3p
----- Source of /mnt/d/Marc/TFG/Simulacions_amber/software/amber24/dat/leap/cmd/leaprc.water.tip3p done
Loading library: /mnt/d/Marc/TFG/Simulacions_amber/software/amber24/dat/leap/lib/atomic_ions.lib
Loading library: /mnt/d/Marc/TFG/Simulacions_amber/software/amber24/dat/leap/lib/solvents.lib
Loading parameters: /mnt/d/Marc/TFG/Simulacions_amber/software/amber24/dat/leap/parm/frcmod.tip3p
Reading force field modification type file (frcmod)
Reading title:
This is the additional/replacement parameter set for TIP3P water
Loading parameters: /mnt/d/Marc/TFG/Simulacions_amber/software/amber24/dat/leap/parm/frcmod.ions1lm_126_tip3p
Reading force field modification type file (frcmod)
Reading title:
Li/Merz ion parameters of monovalent ions for TIP3P water model (12-6 normal usage set)
Loading parameters: /mnt/d/Marc/TFG/Simulacions_amber/software/amber24/dat/leap/parm/frcmod.ionsjc_tip3p
Reading force field modification type file (frcmod)
Reading title:
Monovalent ion parameters for Ewald and TIP3P water from Joung & Cheatham JPCB (2008)
Loading parameters: /mnt/d/Marc/TFG/Simulacions_amber/software/amber24/dat/leap/parm/frcmod.ions234lm_126_tip3p
Reading force field modification type file (frcmod)
Reading title:
Li/Merz ion parameters of divalent to tetravalent ions for TIP3P water model (12-6 normal usage set)
----- Source: /mnt/d/Marc/TFG/Simulacions_amber/software/amber24/dat/leap/cmd/leaprc.gaff
----- Source of /mnt/d/Marc/TFG/Simulacions_amber/software/amber24/dat/leap/cmd/leaprc.gaff done
Log file: ./leap.log
Loading parameters: /mnt/d/Marc/TFG/Simulacions_amber/software/amber24/dat/leap/parm/gaff.dat
Reading title:
AMBER General Force Field for organic molecules (Version 1.81, May 2017)
Using ArgH and AspGluO modified Bondi2 radii
Loading PDB file: ./tmp_generados/sequencia_11_noH.pdb
  total atoms in file: 297
  Leap added 297 missing atoms according to residue templates:
       297 H / lone pairs
Writing pdb file: tmp_generados/sequencia_11_H.pdb

/mnt/d/Marc/TFG/Simulacions_amber/software/amber24/bin/teLeap: Warning!
 Converting N-terminal residue name to PDB format: NSER -> SER

/mnt/d/Marc/TFG/Simulacions_amber/software/amber24/bin/teLeap: Warning!
 Converting C-terminal residue name to PDB format: CPRO -> PRO
  Solute vdw bounding box:              52.950 21.361 20.669
  Total bounding box for atom centers:  72.950 41.361 40.669
  Solvent unit box:                     18.774 18.774 18.774
  Total vdw box size:                   75.516 44.146 43.754 angstroms.
  Volume: 145865.853 A^3 
  Total mass 65226.172 amu,  Density 0.743 g/cc
  Added 3386 residues.

/mnt/d/Marc/TFG/Simulacions_amber/software/amber24/bin/teLeap: Warning!
addIons: 1st Ion & target unit have charges of the same sign:
     unit charge = 10; ion1 charge = 1;
     can't neutralize.
10 Cl- ions required to neutralize.
Adding 10 counter ions to "x" using 1A grid
Grid extends from solute vdw + 5.59  to  11.59
Resolution:      1.00 Angstrom.
Solvent present: replacing closest with ion
	 when steric overlaps occur
Calculating grid charges
(Replacing solvent molecule)
Placed Cl- in x at (6.20, 6.34, -10.97).
(Replacing solvent molecule)
Placed Cl- in x at (-27.16, -4.16, -7.58).
(Replacing solvent molecule)
Placed Cl- in x at (15.76, 10.27, 4.10).
(Replacing solvent molecule)
Placed Cl- in x at (1.60, -7.91, -5.56).
(Replacing solvent molecule)
Placed Cl- in x at (-26.88, -0.79, 5.56).
(Replacing solvent molecule)
Placed Cl- in x at (9.04, -9.75, 5.55).
(Replacing solvent molecule)
Placed Cl- in x at (-10.95, 14.14, -0.05).
(Replacing solvent molecule)
Placed Cl- in x at (-17.92, -10.25, -7.65).
(Replacing solvent molecule)
Placed Cl- in x at (21.99, 4.63, -11.12).
(Replacing solvent molecule)
Placed Cl- in x at (-26.88, 11.84, -5.45).

Done adding ions.
Writing pdb file: seq_wat/sequencia_11_wat.pdb
   printing CRYST1 record to PDB file with box info

/mnt/d/Marc/TFG/Simulacions_amber/software/amber24/bin/teLeap: Warning!
 Converting N-terminal residue name to PDB format: NSER -> SER

/mnt/d/Marc/TFG/Simulacions_amber/software/amber24/bin/teLeap: Warning!
 Converting C-terminal residue name to PDB format: CPRO -> PRO
Checking Unit.
Building topology.
Building atom parameters.
Building bond parameters.
Building angle parameters.
Building proper torsion parameters.
Building improper torsion parameters.
 total 147 improper torsions applied
Building H-Bond parameters.
Incorporating Non-Bonded adjustments.
Not Marking per-residue atom chain types.
Marking per-residue atom chain types.
  (Residues lacking connect0/connect1 - 
   these don't have chain types marked:

	res	total affected

	CPRO	1
	NSER	1
	WAT	3376
  )
 (no restraints)
	Quit

Exiting LEaP: Errors = 0; Warnings = 5; Notes = 0.
