-I: Adding /mnt/d/Marc/TFG/Simulacions_amber/software/amber24/dat/leap/prep to search path.
-I: Adding /mnt/d/Marc/TFG/Simulacions_amber/software/amber24/dat/leap/lib to search path.
-I: Adding /mnt/d/Marc/TFG/Simulacions_amber/software/amber24/dat/leap/parm to search path.
-I: Adding /mnt/d/Marc/TFG/Simulacions_amber/software/amber24/dat/leap/cmd to search path.
-s: Ignoring all leaprc startup files.
-f: Source tmp_generados/leap_sequencia_5.inp.

Welcome to LEaP!
Sourcing: ./tmp_generados/leap_sequencia_5.inp
----- Source: /mnt/d/Marc/TFG/Simulacions_amber/software/amber24/dat/leap/cmd/leaprc.protein.ff14SB
----- Source of /mnt/d/Marc/TFG/Simulacions_amber/software/amber24/dat/leap/cmd/leaprc.protein.ff14SB done
Log file: ./leap.log
Loading parameters: /mnt/d/Marc/TFG/Simulacions_amber/software/amber24/dat/leap/parm/parm10.dat
Reading title:
PARM99 + frcmod.ff99SB + frcmod.parmbsc0 + OL3 for RNA
Loading parameters: /mnt/d/Marc/TFG/Simulacions_amber/software/amber24/dat/leap/parm/frcmod.ff14SB
Reading force field modification type file (frcmod)
Reading title:
ff14SB protein backbone and sidechain parameters
Loading library: /mnt/d/Marc/TFG/Simulacions_amber/software/amber24/dat/leap/lib/amino12.lib
Loading library: /mnt/d/Marc/TFG/Simulacions_amber/software/amber24/dat/leap/lib/aminoct12.lib
Loading library: /mnt/d/Marc/TFG/Simulacions_amber/software/amber24/dat/leap/lib/aminont12.lib
----- Source: /mnt/d/Marc/TFG/Simulacions_amber/software/amber24/dat/leap/cmd/leaprc.water.tip3p
----- Source of /mnt/d/Marc/TFG/Simulacions_amber/software/amber24/dat/leap/cmd/leaprc.water.tip3p done
Loading library: /mnt/d/Marc/TFG/Simulacions_amber/software/amber24/dat/leap/lib/atomic_ions.lib
Loading library: /mnt/d/Marc/TFG/Simulacions_amber/software/amber24/dat/leap/lib/solvents.lib
Loading parameters: /mnt/d/Marc/TFG/Simulacions_amber/software/amber24/dat/leap/parm/frcmod.tip3p
Reading force field modification type file (frcmod)
Reading title:
This is the additional/replacement parameter set for TIP3P water
Loading parameters: /mnt/d/Marc/TFG/Simulacions_amber/software/amber24/dat/leap/parm/frcmod.ions1lm_126_tip3p
Reading force field modification type file (frcmod)
Reading title:
Li/Merz ion parameters of monovalent ions for TIP3P water model (12-6 normal usage set)
Loading parameters: /mnt/d/Marc/TFG/Simulacions_amber/software/amber24/dat/leap/parm/frcmod.ionsjc_tip3p
Reading force field modification type file (frcmod)
Reading title:
Monovalent ion parameters for Ewald and TIP3P water from Joung & Cheatham JPCB (2008)
Loading parameters: /mnt/d/Marc/TFG/Simulacions_amber/software/amber24/dat/leap/parm/frcmod.ions234lm_126_tip3p
Reading force field modification type file (frcmod)
Reading title:
Li/Merz ion parameters of divalent to tetravalent ions for TIP3P water model (12-6 normal usage set)
----- Source: /mnt/d/Marc/TFG/Simulacions_amber/software/amber24/dat/leap/cmd/leaprc.gaff
----- Source of /mnt/d/Marc/TFG/Simulacions_amber/software/amber24/dat/leap/cmd/leaprc.gaff done
Log file: ./leap.log
Loading parameters: /mnt/d/Marc/TFG/Simulacions_amber/software/amber24/dat/leap/parm/gaff.dat
Reading title:
AMBER General Force Field for organic molecules (Version 1.81, May 2017)
Using ArgH and AspGluO modified Bondi2 radii
Loading PDB file: ./tmp_generados/sequencia_5_noH.pdb
  total atoms in file: 297
  Leap added 297 missing atoms according to residue templates:
       297 H / lone pairs
Writing pdb file: tmp_generados/sequencia_5_H.pdb

/mnt/d/Marc/TFG/Simulacions_amber/software/amber24/bin/teLeap: Warning!
 Converting N-terminal residue name to PDB format: NSER -> SER

/mnt/d/Marc/TFG/Simulacions_amber/software/amber24/bin/teLeap: Warning!
 Converting C-terminal residue name to PDB format: CPRO -> PRO
  Solute vdw bounding box:              47.881 23.121 19.691
  Total bounding box for atom centers:  67.881 43.121 39.691
  Solvent unit box:                     18.774 18.774 18.774
  Total vdw box size:                   70.504 45.969 42.851 angstroms.
  Volume: 138881.126 A^3 
  Total mass 62667.900 amu,  Density 0.749 g/cc
  Added 3244 residues.

/mnt/d/Marc/TFG/Simulacions_amber/software/amber24/bin/teLeap: Warning!
addIons: 1st Ion & target unit have charges of the same sign:
     unit charge = 10; ion1 charge = 1;
     can't neutralize.
10 Cl- ions required to neutralize.
Adding 10 counter ions to "x" using 1A grid
Grid extends from solute vdw + 5.59  to  11.59
Resolution:      1.00 Angstrom.
Solvent present: replacing closest with ion
	 when steric overlaps occur
Calculating grid charges
(Replacing solvent molecule)
Placed Cl- in x at (9.26, -5.05, -9.79).
(Replacing solvent molecule)
Placed Cl- in x at (1.08, 7.32, 1.87).
(Replacing solvent molecule)
Placed Cl- in x at (-27.48, 0.94, 0.34).
(Replacing solvent molecule)
Placed Cl- in x at (-19.04, 13.03, -6.22).
(Replacing solvent molecule)
Placed Cl- in x at (6.62, -14.89, 0.65).
(Replacing solvent molecule)
Placed Cl- in x at (19.62, 0.44, -10.92).
(Replacing solvent molecule)
Placed Cl- in x at (5.71, 3.62, -11.48).
(Replacing solvent molecule)
Placed Cl- in x at (-15.90, -1.42, 8.75).
(Replacing solvent molecule)
Placed Cl- in x at (-17.93, 0.44, -10.92).
(Replacing solvent molecule)
Placed Cl- in x at (12.34, -2.44, 14.47).

Done adding ions.
Writing pdb file: seq_wat/sequencia_5_wat.pdb
   printing CRYST1 record to PDB file with box info

/mnt/d/Marc/TFG/Simulacions_amber/software/amber24/bin/teLeap: Warning!
 Converting N-terminal residue name to PDB format: NSER -> SER

/mnt/d/Marc/TFG/Simulacions_amber/software/amber24/bin/teLeap: Warning!
 Converting C-terminal residue name to PDB format: CPRO -> PRO
Checking Unit.
Building topology.
Building atom parameters.
Building bond parameters.
Building angle parameters.
Building proper torsion parameters.
Building improper torsion parameters.
 total 147 improper torsions applied
Building H-Bond parameters.
Incorporating Non-Bonded adjustments.
Not Marking per-residue atom chain types.
Marking per-residue atom chain types.
  (Residues lacking connect0/connect1 - 
   these don't have chain types marked:

	res	total affected

	CPRO	1
	NSER	1
	WAT	3234
  )
 (no restraints)
	Quit

Exiting LEaP: Errors = 0; Warnings = 5; Notes = 0.
