            --------------------------------------------------------
                             AMBER SQM VERSION 19
 
                                     By
              Ross C. Walker, Michael F. Crowley, Scott Brozell,
                         Tim Giese, Andreas W. Goetz,
                        Tai-Sung Lee and David A. Case
 
            --------------------------------------------------------
 

--------------------------------------------------------------------------------
  QM CALCULATION INFO
--------------------------------------------------------------------------------

| QMMM: Citation for AMBER QMMM Run:
| QMMM: R.C. Walker, M.F. Crowley and D.A. Case, J. COMP. CHEM. 29:1019, 2008

QMMM: SINGLET STATE CALCULATION
QMMM: RHF CALCULATION, NO. OF DOUBLY OCCUPIED LEVELS = 19

| QMMM: *** Selected Hamiltonian *** 
| QMMM: AM1         

| QMMM: *** Parameter sets in use ***
| QMMM: F : M.J.S.DEWAR et al. THEOCHEM, 180, 1, (1988)
| QMMM: O : M.J.S.DEWAR et al. JACS, 107, 3902, (1985)
| QMMM: C : M.J.S.DEWAR et al. JACS, 107, 3902, (1985)
| QMMM: H : M.J.S.DEWAR et al. JACS, 107, 3902, (1985)

| QMMM: *** SCF convergence criteria ***
| QMMM: Energy change                :  0.1D-09 kcal/mol
| QMMM: Error matrix |FP-PF|         :  0.1D+00 au
| QMMM: Density matrix change        :  0.5D-06
| QMMM: Maximum number of SCF cycles :     1000

| QMMM: *** Diagonalization Routine Information ***
| QMMM: Pseudo diagonalizations are allowed.
| QMMM: Auto diagonalization routine selection is in use.
| QMMM:
| QMMM: Timing diagonalization routines:
| QMMM:                              norbs =       27
| QMMM:    diag iterations used for timing =       20
| QMMM:
| QMMM:              Internal diag routine = 0.001129 seconds
| QMMM:                 Dspev diag routine = 0.003386 seconds
| QMMM:                Dspevd diag routine = 0.001427 seconds
| QMMM:                Dspevx diag routine = 0.006329 seconds
| QMMM:                 Dsyev diag routine = 0.001982 seconds
| QMMM:                Dsyevd diag routine = 0.001533 seconds
| QMMM:                Dsyevr diag routine = 0.001876 seconds
| QMMM:
| QMMM:                Pseudo diag routine = 0.001672 seconds
| QMMM: Pseudo diagonalization appears to be slower than regular
| QMMM: diagonalization. Setting pseudo_diag=0 for optimum performance.
| QMMM:
| QMMM: Using internal diagonalization routine (diag_routine=1).

  QMMM: QM Region Cartesian Coordinates (*=link atom) 
  QMMM: QM_NO.   MM_NO.  ATOM         X         Y         Z
  QMMM:     1        1      F        0.4780   -0.8880    1.0180
  QMMM:     2        2      F        1.4980    0.8240    0.1400
  QMMM:     3        3      F        0.6940   -0.7350   -1.1430
  QMMM:     4        4      O       -2.0190   -0.0910    0.1580
  QMMM:     5        5      C       -0.9480    0.7770   -0.0820
  QMMM:     6        6      C        0.4130    0.0020   -0.0250
  QMMM:     7        7      H       -0.9000    1.6080    0.6680
  QMMM:     8        8      H       -1.0990    1.1730   -1.1200
  QMMM:     9        9      H       -1.9280   -0.4330    1.0590

--------------------------------------------------------------------------------
  RESULTS
--------------------------------------------------------------------------------

      iter         sqm energy              rms gradient
      ----    -------------------    -----------------------
xmin    10     -217.5490 kcal/mol        0.0013 kcal/(mol*A)
  ... geometry converged !
 
 Final MO eigenvalues (eV):
 -52.0949  -48.8551  -48.7999  -39.0469  -30.2317  -24.6651  -20.2055  -19.7197
 -19.6015  -17.9652  -16.3374  -15.5347  -15.4192  -14.9468  -14.8804  -14.6063
 -14.5860  -13.2548  -11.9698    1.3711    2.5708    2.7008    3.0456    3.2752
   3.5281    3.6831    5.3772

 Heat of formation   =       -217.54900776 kcal/mol  (       -9.43363288 eV)

 Total SCF energy    =     -47848.44950218 kcal/mol  (    -2074.86446824 eV)
 Electronic energy   =    -133949.95004876 kcal/mol  (    -5808.50570438 eV)
 Core-core repulsion =      86101.50054658 kcal/mol  (     3733.64123614 eV)
 
    Atomic Charges for Step       1 :
  Atom    Element       Mulliken Charge
     1      F                 -0.173
     2      F                 -0.167
     3      F                 -0.157
     4      O                 -0.293
     5      C                 -0.047
     6      C                  0.367
     7      H                  0.105
     8      H                  0.148
     9      H                  0.218
 Total Mulliken Charge =      -0.000
 
                  X        Y        Z     TOTAL  
  QM DIPOLE    -1.123    1.594    0.864    2.133
 
 Final Structure

  QMMM: QM Region Cartesian Coordinates (*=link atom) 
  QMMM: QM_NO.   MM_NO.  ATOM         X         Y         Z
  QMMM:     1        1      F        0.4780   -0.8881    1.0180
  QMMM:     2        2      F        1.4980    0.8243    0.1400
  QMMM:     3        3      F        0.6942   -0.7351   -1.1434
  QMMM:     4        4      O       -2.0195   -0.0907    0.1583
  QMMM:     5        5      C       -0.9475    0.7769   -0.0817
  QMMM:     6        6      C        0.4133    0.0021   -0.0250
  QMMM:     7        7      H       -0.9002    1.6082    0.6678
  QMMM:     8        8      H       -1.0990    1.1728   -1.1201
  QMMM:     9        9      H       -1.9283   -0.4332    1.0591

           --------- Calculation Completed ----------

