-I: Adding /mnt/d/Marc/TFG/Simulacions_amber/software/amber24/dat/leap/prep to search path.
-I: Adding /mnt/d/Marc/TFG/Simulacions_amber/software/amber24/dat/leap/lib to search path.
-I: Adding /mnt/d/Marc/TFG/Simulacions_amber/software/amber24/dat/leap/parm to search path.
-I: Adding /mnt/d/Marc/TFG/Simulacions_amber/software/amber24/dat/leap/cmd to search path.
-f: Source tleap.inp.

Welcome to LEaP!
(no leaprc in search path)
Sourcing: ./tleap.inp
----- Source: /mnt/d/Marc/TFG/Simulacions_amber/software/amber24/dat/leap/cmd/leaprc.protein.ff14SB
----- Source of /mnt/d/Marc/TFG/Simulacions_amber/software/amber24/dat/leap/cmd/leaprc.protein.ff14SB done
Log file: ./leap.log
Loading parameters: /mnt/d/Marc/TFG/Simulacions_amber/software/amber24/dat/leap/parm/parm10.dat
Reading title:
PARM99 + frcmod.ff99SB + frcmod.parmbsc0 + OL3 for RNA
Loading parameters: /mnt/d/Marc/TFG/Simulacions_amber/software/amber24/dat/leap/parm/frcmod.ff14SB
Reading force field modification type file (frcmod)
Reading title:
ff14SB protein backbone and sidechain parameters
Loading library: /mnt/d/Marc/TFG/Simulacions_amber/software/amber24/dat/leap/lib/amino12.lib
Loading library: /mnt/d/Marc/TFG/Simulacions_amber/software/amber24/dat/leap/lib/aminoct12.lib
Loading library: /mnt/d/Marc/TFG/Simulacions_amber/software/amber24/dat/leap/lib/aminont12.lib
----- Source: /mnt/d/Marc/TFG/Simulacions_amber/software/amber24/dat/leap/cmd/leaprc.gaff
----- Source of /mnt/d/Marc/TFG/Simulacions_amber/software/amber24/dat/leap/cmd/leaprc.gaff done
Log file: ./leap.log
Loading parameters: /mnt/d/Marc/TFG/Simulacions_amber/software/amber24/dat/leap/parm/gaff.dat
Reading title:
AMBER General Force Field for organic molecules (Version 1.81, May 2017)
Loading parameters: ./TFE.frcmod
Reading force field modification type file (frcmod)
Reading title:
Remark line goes here
Loading Mol2 file: ./TFE.mol2
Reading MOLECULE named MOL
Using ArgH and AspGluO modified Bondi2 radii
Loading PDB file: ./tmp_generados/sequencia_0_noH.pdb
  total atoms in file: 297
  Leap added 297 missing atoms according to residue templates:
       297 H / lone pairs
Solvent has no box, so preparing by making box including vdw
(Use 'setBox centers' first if box was pre-equilibrated)
  Solute vdw bounding box:              50.087 21.298 20.311
  Total bounding box for atom centers:  70.087 70.087 70.087
      (box expansion for 'iso' is 195.1%)
  Solvent unit box:                     6.922 5.440 5.678
  Volume: 275172.120 A^3 
  Total mass 125977.544 amu,  Density 0.760 g/cc
  Added 1217 residues.
 removing previous box..
Box dimensions:  58.827000 67.583000 58.958000
UNIT name: default_name
Head atom: null
Tail atom: null
Periodic box:   58.82700,   67.58300,   58.95800
Contents: 
R<NSER 1>
R<THR 2>
R<ARG 3>
R<LYS 4>
R<GLN 5>
R<ASN 6>
R<TYR 7>
R<MET 8>
R<MET 9>
R<ASN 10>
R<PHE 11>
R<SER 12>
R<ARG 13>
R<GLN 14>
R<HIE 15>
R<GLY 16>
R<LEU 17>
R<ARG 18>
R<HIE 19>
R<PHE 20>
R<TYR 21>
R<ASN 22>
R<ARG 23>
R<ARG 24>
R<ARG 25>
R<ARG 26>
R<SER 27>
R<LEU 28>
R<ARG 29>
R<ARG 30>
R<TYR 31>
R<CPRO 32>
R<MOL 33>
R<MOL 34>
R<MOL 35>
R<MOL 36>
R<MOL 37>
R<MOL 38>
R<MOL 39>
R<MOL 40>
R<MOL 41>
R<MOL 42>
R<MOL 43>
R<MOL 44>
R<MOL 45>
R<MOL 46>
R<MOL 47>
R<MOL 48>
R<MOL 49>
R<MOL 50>
R<MOL 51>
R<MOL 52>
R<MOL 53>
R<MOL 54>
R<MOL 55>
R<MOL 56>
R<MOL 57>
R<MOL 58>
R<MOL 59>
R<MOL 60>
R<MOL 61>
R<MOL 62>
R<MOL 63>
R<MOL 64>
R<MOL 65>
R<MOL 66>
R<MOL 67>
R<MOL 68>
R<MOL 69>
R<MOL 70>
R<MOL 71>
R<MOL 72>
R<MOL 73>
R<MOL 74>
R<MOL 75>
R<MOL 76>
R<MOL 77>
R<MOL 78>
R<MOL 79>
R<MOL 80>
R<MOL 81>
R<MOL 82>
R<MOL 83>
R<MOL 84>
R<MOL 85>
R<MOL 86>
R<MOL 87>
R<MOL 88>
R<MOL 89>
R<MOL 90>
R<MOL 91>
R<MOL 92>
R<MOL 93>
R<MOL 94>
R<MOL 95>
R<MOL 96>
R<MOL 97>
R<MOL 98>
R<MOL 99>
R<MOL 100>
R<MOL 101>
R<MOL 102>
R<MOL 103>
R<MOL 104>
R<MOL 105>
R<MOL 106>
R<MOL 107>
R<MOL 108>
R<MOL 109>
R<MOL 110>
R<MOL 111>
R<MOL 112>
R<MOL 113>
R<MOL 114>
R<MOL 115>
R<MOL 116>
R<MOL 117>
R<MOL 118>
R<MOL 119>
R<MOL 120>
R<MOL 121>
R<MOL 122>
R<MOL 123>
R<MOL 124>
R<MOL 125>
R<MOL 126>
R<MOL 127>
R<MOL 128>
R<MOL 129>
R<MOL 130>
R<MOL 131>
R<MOL 132>
R<MOL 133>
R<MOL 134>
R<MOL 135>
R<MOL 136>
R<MOL 137>
R<MOL 138>
R<MOL 139>
R<MOL 140>
R<MOL 141>
R<MOL 142>
R<MOL 143>
R<MOL 144>
R<MOL 145>
R<MOL 146>
R<MOL 147>
R<MOL 148>
R<MOL 149>
R<MOL 150>
R<MOL 151>
R<MOL 152>
R<MOL 153>
R<MOL 154>
R<MOL 155>
R<MOL 156>
R<MOL 157>
R<MOL 158>
R<MOL 159>
R<MOL 160>
R<MOL 161>
R<MOL 162>
R<MOL 163>
R<MOL 164>
R<MOL 165>
R<MOL 166>
R<MOL 167>
R<MOL 168>
R<MOL 169>
R<MOL 170>
R<MOL 171>
R<MOL 172>
R<MOL 173>
R<MOL 174>
R<MOL 175>
R<MOL 176>
R<MOL 177>
R<MOL 178>
R<MOL 179>
R<MOL 180>
R<MOL 181>
R<MOL 182>
R<MOL 183>
R<MOL 184>
R<MOL 185>
R<MOL 186>
R<MOL 187>
R<MOL 188>
R<MOL 189>
R<MOL 190>
R<MOL 191>
R<MOL 192>
R<MOL 193>
R<MOL 194>
R<MOL 195>
R<MOL 196>
R<MOL 197>
R<MOL 198>
R<MOL 199>
R<MOL 200>
R<MOL 201>
R<MOL 202>
R<MOL 203>
R<MOL 204>
R<MOL 205>
R<MOL 206>
R<MOL 207>
R<MOL 208>
R<MOL 209>
R<MOL 210>
R<MOL 211>
R<MOL 212>
R<MOL 213>
R<MOL 214>
R<MOL 215>
R<MOL 216>
R<MOL 217>
R<MOL 218>
R<MOL 219>
R<MOL 220>
R<MOL 221>
R<MOL 222>
R<MOL 223>
R<MOL 224>
R<MOL 225>
R<MOL 226>
R<MOL 227>
R<MOL 228>
R<MOL 229>
R<MOL 230>
R<MOL 231>
R<MOL 232>
R<MOL 233>
R<MOL 234>
R<MOL 235>
R<MOL 236>
R<MOL 237>
R<MOL 238>
R<MOL 239>
R<MOL 240>
R<MOL 241>
R<MOL 242>
R<MOL 243>
R<MOL 244>
R<MOL 245>
R<MOL 246>
R<MOL 247>
R<MOL 248>
R<MOL 249>
R<MOL 250>
R<MOL 251>
R<MOL 252>
R<MOL 253>
R<MOL 254>
R<MOL 255>
R<MOL 256>
R<MOL 257>
R<MOL 258>
R<MOL 259>
R<MOL 260>
R<MOL 261>
R<MOL 262>
R<MOL 263>
R<MOL 264>
R<MOL 265>
R<MOL 266>
R<MOL 267>
R<MOL 268>
R<MOL 269>
R<MOL 270>
R<MOL 271>
R<MOL 272>
R<MOL 273>
R<MOL 274>
R<MOL 275>
R<MOL 276>
R<MOL 277>
R<MOL 278>
R<MOL 279>
R<MOL 280>
R<MOL 281>
R<MOL 282>
R<MOL 283>
R<MOL 284>
R<MOL 285>
R<MOL 286>
R<MOL 287>
R<MOL 288>
R<MOL 289>
R<MOL 290>
R<MOL 291>
R<MOL 292>
R<MOL 293>
R<MOL 294>
R<MOL 295>
R<MOL 296>
R<MOL 297>
R<MOL 298>
R<MOL 299>
R<MOL 300>
R<MOL 301>
R<MOL 302>
R<MOL 303>
R<MOL 304>
R<MOL 305>
R<MOL 306>
R<MOL 307>
R<MOL 308>
R<MOL 309>
R<MOL 310>
R<MOL 311>
R<MOL 312>
R<MOL 313>
R<MOL 314>
R<MOL 315>
R<MOL 316>
R<MOL 317>
R<MOL 318>
R<MOL 319>
R<MOL 320>
R<MOL 321>
R<MOL 322>
R<MOL 323>
R<MOL 324>
R<MOL 325>
R<MOL 326>
R<MOL 327>
R<MOL 328>
R<MOL 329>
R<MOL 330>
R<MOL 331>
R<MOL 332>
R<MOL 333>
R<MOL 334>
R<MOL 335>
R<MOL 336>
R<MOL 337>
R<MOL 338>
R<MOL 339>
R<MOL 340>
R<MOL 341>
R<MOL 342>
R<MOL 343>
R<MOL 344>
R<MOL 345>
R<MOL 346>
R<MOL 347>
R<MOL 348>
R<MOL 349>
R<MOL 350>
R<MOL 351>
R<MOL 352>
R<MOL 353>
R<MOL 354>
R<MOL 355>
R<MOL 356>
R<MOL 357>
R<MOL 358>
R<MOL 359>
R<MOL 360>
R<MOL 361>
R<MOL 362>
R<MOL 363>
R<MOL 364>
R<MOL 365>
R<MOL 366>
R<MOL 367>
R<MOL 368>
R<MOL 369>
R<MOL 370>
R<MOL 371>
R<MOL 372>
R<MOL 373>
R<MOL 374>
R<MOL 375>
R<MOL 376>
R<MOL 377>
R<MOL 378>
R<MOL 379>
R<MOL 380>
R<MOL 381>
R<MOL 382>
R<MOL 383>
R<MOL 384>
R<MOL 385>
R<MOL 386>
R<MOL 387>
R<MOL 388>
R<MOL 389>
R<MOL 390>
R<MOL 391>
R<MOL 392>
R<MOL 393>
R<MOL 394>
R<MOL 395>
R<MOL 396>
R<MOL 397>
R<MOL 398>
R<MOL 399>
R<MOL 400>
R<MOL 401>
R<MOL 402>
R<MOL 403>
R<MOL 404>
R<MOL 405>
R<MOL 406>
R<MOL 407>
R<MOL 408>
R<MOL 409>
R<MOL 410>
R<MOL 411>
R<MOL 412>
R<MOL 413>
R<MOL 414>
R<MOL 415>
R<MOL 416>
R<MOL 417>
R<MOL 418>
R<MOL 419>
R<MOL 420>
R<MOL 421>
R<MOL 422>
R<MOL 423>
R<MOL 424>
R<MOL 425>
R<MOL 426>
R<MOL 427>
R<MOL 428>
R<MOL 429>
R<MOL 430>
R<MOL 431>
R<MOL 432>
R<MOL 433>
R<MOL 434>
R<MOL 435>
R<MOL 436>
R<MOL 437>
R<MOL 438>
R<MOL 439>
R<MOL 440>
R<MOL 441>
R<MOL 442>
R<MOL 443>
R<MOL 444>
R<MOL 445>
R<MOL 446>
R<MOL 447>
R<MOL 448>
R<MOL 449>
R<MOL 450>
R<MOL 451>
R<MOL 452>
R<MOL 453>
R<MOL 454>
R<MOL 455>
R<MOL 456>
R<MOL 457>
R<MOL 458>
R<MOL 459>
R<MOL 460>
R<MOL 461>
R<MOL 462>
R<MOL 463>
R<MOL 464>
R<MOL 465>
R<MOL 466>
R<MOL 467>
R<MOL 468>
R<MOL 469>
R<MOL 470>
R<MOL 471>
R<MOL 472>
R<MOL 473>
R<MOL 474>
R<MOL 475>
R<MOL 476>
R<MOL 477>
R<MOL 478>
R<MOL 479>
R<MOL 480>
R<MOL 481>
R<MOL 482>
R<MOL 483>
R<MOL 484>
R<MOL 485>
R<MOL 486>
R<MOL 487>
R<MOL 488>
R<MOL 489>
R<MOL 490>
R<MOL 491>
R<MOL 492>
R<MOL 493>
R<MOL 494>
R<MOL 495>
R<MOL 496>
R<MOL 497>
R<MOL 498>
R<MOL 499>
R<MOL 500>
R<MOL 501>
R<MOL 502>
R<MOL 503>
R<MOL 504>
R<MOL 505>
R<MOL 506>
R<MOL 507>
R<MOL 508>
R<MOL 509>
R<MOL 510>
R<MOL 511>
R<MOL 512>
R<MOL 513>
R<MOL 514>
R<MOL 515>
R<MOL 516>
R<MOL 517>
R<MOL 518>
R<MOL 519>
R<MOL 520>
R<MOL 521>
R<MOL 522>
R<MOL 523>
R<MOL 524>
R<MOL 525>
R<MOL 526>
R<MOL 527>
R<MOL 528>
R<MOL 529>
R<MOL 530>
R<MOL 531>
R<MOL 532>
R<MOL 533>
R<MOL 534>
R<MOL 535>
R<MOL 536>
R<MOL 537>
R<MOL 538>
R<MOL 539>
R<MOL 540>
R<MOL 541>
R<MOL 542>
R<MOL 543>
R<MOL 544>
R<MOL 545>
R<MOL 546>
R<MOL 547>
R<MOL 548>
R<MOL 549>
R<MOL 550>
R<MOL 551>
R<MOL 552>
R<MOL 553>
R<MOL 554>
R<MOL 555>
R<MOL 556>
R<MOL 557>
R<MOL 558>
R<MOL 559>
R<MOL 560>
R<MOL 561>
R<MOL 562>
R<MOL 563>
R<MOL 564>
R<MOL 565>
R<MOL 566>
R<MOL 567>
R<MOL 568>
R<MOL 569>
R<MOL 570>
R<MOL 571>
R<MOL 572>
R<MOL 573>
R<MOL 574>
R<MOL 575>
R<MOL 576>
R<MOL 577>
R<MOL 578>
R<MOL 579>
R<MOL 580>
R<MOL 581>
R<MOL 582>
R<MOL 583>
R<MOL 584>
R<MOL 585>
R<MOL 586>
R<MOL 587>
R<MOL 588>
R<MOL 589>
R<MOL 590>
R<MOL 591>
R<MOL 592>
R<MOL 593>
R<MOL 594>
R<MOL 595>
R<MOL 596>
R<MOL 597>
R<MOL 598>
R<MOL 599>
R<MOL 600>
R<MOL 601>
R<MOL 602>
R<MOL 603>
R<MOL 604>
R<MOL 605>
R<MOL 606>
R<MOL 607>
R<MOL 608>
R<MOL 609>
R<MOL 610>
R<MOL 611>
R<MOL 612>
R<MOL 613>
R<MOL 614>
R<MOL 615>
R<MOL 616>
R<MOL 617>
R<MOL 618>
R<MOL 619>
R<MOL 620>
R<MOL 621>
R<MOL 622>
R<MOL 623>
R<MOL 624>
R<MOL 625>
R<MOL 626>
R<MOL 627>
R<MOL 628>
R<MOL 629>
R<MOL 630>
R<MOL 631>
R<MOL 632>
R<MOL 633>
R<MOL 634>
R<MOL 635>
R<MOL 636>
R<MOL 637>
R<MOL 638>
R<MOL 639>
R<MOL 640>
R<MOL 641>
R<MOL 642>
R<MOL 643>
R<MOL 644>
R<MOL 645>
R<MOL 646>
R<MOL 647>
R<MOL 648>
R<MOL 649>
R<MOL 650>
R<MOL 651>
R<MOL 652>
R<MOL 653>
R<MOL 654>
R<MOL 655>
R<MOL 656>
R<MOL 657>
R<MOL 658>
R<MOL 659>
R<MOL 660>
R<MOL 661>
R<MOL 662>
R<MOL 663>
R<MOL 664>
R<MOL 665>
R<MOL 666>
R<MOL 667>
R<MOL 668>
R<MOL 669>
R<MOL 670>
R<MOL 671>
R<MOL 672>
R<MOL 673>
R<MOL 674>
R<MOL 675>
R<MOL 676>
R<MOL 677>
R<MOL 678>
R<MOL 679>
R<MOL 680>
R<MOL 681>
R<MOL 682>
R<MOL 683>
R<MOL 684>
R<MOL 685>
R<MOL 686>
R<MOL 687>
R<MOL 688>
R<MOL 689>
R<MOL 690>
R<MOL 691>
R<MOL 692>
R<MOL 693>
R<MOL 694>
R<MOL 695>
R<MOL 696>
R<MOL 697>
R<MOL 698>
R<MOL 699>
R<MOL 700>
R<MOL 701>
R<MOL 702>
R<MOL 703>
R<MOL 704>
R<MOL 705>
R<MOL 706>
R<MOL 707>
R<MOL 708>
R<MOL 709>
R<MOL 710>
R<MOL 711>
R<MOL 712>
R<MOL 713>
R<MOL 714>
R<MOL 715>
R<MOL 716>
R<MOL 717>
R<MOL 718>
R<MOL 719>
R<MOL 720>
R<MOL 721>
R<MOL 722>
R<MOL 723>
R<MOL 724>
R<MOL 725>
R<MOL 726>
R<MOL 727>
R<MOL 728>
R<MOL 729>
R<MOL 730>
R<MOL 731>
R<MOL 732>
R<MOL 733>
R<MOL 734>
R<MOL 735>
R<MOL 736>
R<MOL 737>
R<MOL 738>
R<MOL 739>
R<MOL 740>
R<MOL 741>
R<MOL 742>
R<MOL 743>
R<MOL 744>
R<MOL 745>
R<MOL 746>
R<MOL 747>
R<MOL 748>
R<MOL 749>
R<MOL 750>
R<MOL 751>
R<MOL 752>
R<MOL 753>
R<MOL 754>
R<MOL 755>
R<MOL 756>
R<MOL 757>
R<MOL 758>
R<MOL 759>
R<MOL 760>
R<MOL 761>
R<MOL 762>
R<MOL 763>
R<MOL 764>
R<MOL 765>
R<MOL 766>
R<MOL 767>
R<MOL 768>
R<MOL 769>
R<MOL 770>
R<MOL 771>
R<MOL 772>
R<MOL 773>
R<MOL 774>
R<MOL 775>
R<MOL 776>
R<MOL 777>
R<MOL 778>
R<MOL 779>
R<MOL 780>
R<MOL 781>
R<MOL 782>
R<MOL 783>
R<MOL 784>
R<MOL 785>
R<MOL 786>
R<MOL 787>
R<MOL 788>
R<MOL 789>
R<MOL 790>
R<MOL 791>
R<MOL 792>
R<MOL 793>
R<MOL 794>
R<MOL 795>
R<MOL 796>
R<MOL 797>
R<MOL 798>
R<MOL 799>
R<MOL 800>
R<MOL 801>
R<MOL 802>
R<MOL 803>
R<MOL 804>
R<MOL 805>
R<MOL 806>
R<MOL 807>
R<MOL 808>
R<MOL 809>
R<MOL 810>
R<MOL 811>
R<MOL 812>
R<MOL 813>
R<MOL 814>
R<MOL 815>
R<MOL 816>
R<MOL 817>
R<MOL 818>
R<MOL 819>
R<MOL 820>
R<MOL 821>
R<MOL 822>
R<MOL 823>
R<MOL 824>
R<MOL 825>
R<MOL 826>
R<MOL 827>
R<MOL 828>
R<MOL 829>
R<MOL 830>
R<MOL 831>
R<MOL 832>
R<MOL 833>
R<MOL 834>
R<MOL 835>
R<MOL 836>
R<MOL 837>
R<MOL 838>
R<MOL 839>
R<MOL 840>
R<MOL 841>
R<MOL 842>
R<MOL 843>
R<MOL 844>
R<MOL 845>
R<MOL 846>
R<MOL 847>
R<MOL 848>
R<MOL 849>
R<MOL 850>
R<MOL 851>
R<MOL 852>
R<MOL 853>
R<MOL 854>
R<MOL 855>
R<MOL 856>
R<MOL 857>
R<MOL 858>
R<MOL 859>
R<MOL 860>
R<MOL 861>
R<MOL 862>
R<MOL 863>
R<MOL 864>
R<MOL 865>
R<MOL 866>
R<MOL 867>
R<MOL 868>
R<MOL 869>
R<MOL 870>
R<MOL 871>
R<MOL 872>
R<MOL 873>
R<MOL 874>
R<MOL 875>
R<MOL 876>
R<MOL 877>
R<MOL 878>
R<MOL 879>
R<MOL 880>
R<MOL 881>
R<MOL 882>
R<MOL 883>
R<MOL 884>
R<MOL 885>
R<MOL 886>
R<MOL 887>
R<MOL 888>
R<MOL 889>
R<MOL 890>
R<MOL 891>
R<MOL 892>
R<MOL 893>
R<MOL 894>
R<MOL 895>
R<MOL 896>
R<MOL 897>
R<MOL 898>
R<MOL 899>
R<MOL 900>
R<MOL 901>
R<MOL 902>
R<MOL 903>
R<MOL 904>
R<MOL 905>
R<MOL 906>
R<MOL 907>
R<MOL 908>
R<MOL 909>
R<MOL 910>
R<MOL 911>
R<MOL 912>
R<MOL 913>
R<MOL 914>
R<MOL 915>
R<MOL 916>
R<MOL 917>
R<MOL 918>
R<MOL 919>
R<MOL 920>
R<MOL 921>
R<MOL 922>
R<MOL 923>
R<MOL 924>
R<MOL 925>
R<MOL 926>
R<MOL 927>
R<MOL 928>
R<MOL 929>
R<MOL 930>
R<MOL 931>
R<MOL 932>
R<MOL 933>
R<MOL 934>
R<MOL 935>
R<MOL 936>
R<MOL 937>
R<MOL 938>
R<MOL 939>
R<MOL 940>
R<MOL 941>
R<MOL 942>
R<MOL 943>
R<MOL 944>
R<MOL 945>
R<MOL 946>
R<MOL 947>
R<MOL 948>
R<MOL 949>
R<MOL 950>
R<MOL 951>
R<MOL 952>
R<MOL 953>
R<MOL 954>
R<MOL 955>
R<MOL 956>
R<MOL 957>
R<MOL 958>
R<MOL 959>
R<MOL 960>
R<MOL 961>
R<MOL 962>
R<MOL 963>
R<MOL 964>
R<MOL 965>
R<MOL 966>
R<MOL 967>
R<MOL 968>
R<MOL 969>
R<MOL 970>
R<MOL 971>
R<MOL 972>
R<MOL 973>
R<MOL 974>
R<MOL 975>
R<MOL 976>
R<MOL 977>
R<MOL 978>
R<MOL 979>
R<MOL 980>
R<MOL 981>
R<MOL 982>
R<MOL 983>
R<MOL 984>
R<MOL 985>
R<MOL 986>
R<MOL 987>
R<MOL 988>
R<MOL 989>
R<MOL 990>
R<MOL 991>
R<MOL 992>
R<MOL 993>
R<MOL 994>
R<MOL 995>
R<MOL 996>
R<MOL 997>
R<MOL 998>
R<MOL 999>
R<MOL 1000>
R<MOL 1001>
R<MOL 1002>
R<MOL 1003>
R<MOL 1004>
R<MOL 1005>
R<MOL 1006>
R<MOL 1007>
R<MOL 1008>
R<MOL 1009>
R<MOL 1010>
R<MOL 1011>
R<MOL 1012>
R<MOL 1013>
R<MOL 1014>
R<MOL 1015>
R<MOL 1016>
R<MOL 1017>
R<MOL 1018>
R<MOL 1019>
R<MOL 1020>
R<MOL 1021>
R<MOL 1022>
R<MOL 1023>
R<MOL 1024>
R<MOL 1025>
R<MOL 1026>
R<MOL 1027>
R<MOL 1028>
R<MOL 1029>
R<MOL 1030>
R<MOL 1031>
R<MOL 1032>
R<MOL 1033>
R<MOL 1034>
R<MOL 1035>
R<MOL 1036>
R<MOL 1037>
R<MOL 1038>
R<MOL 1039>
R<MOL 1040>
R<MOL 1041>
R<MOL 1042>
R<MOL 1043>
R<MOL 1044>
R<MOL 1045>
R<MOL 1046>
R<MOL 1047>
R<MOL 1048>
R<MOL 1049>
R<MOL 1050>
R<MOL 1051>
R<MOL 1052>
R<MOL 1053>
R<MOL 1054>
R<MOL 1055>
R<MOL 1056>
R<MOL 1057>
R<MOL 1058>
R<MOL 1059>
R<MOL 1060>
R<MOL 1061>
R<MOL 1062>
R<MOL 1063>
R<MOL 1064>
R<MOL 1065>
R<MOL 1066>
R<MOL 1067>
R<MOL 1068>
R<MOL 1069>
R<MOL 1070>
R<MOL 1071>
R<MOL 1072>
R<MOL 1073>
R<MOL 1074>
R<MOL 1075>
R<MOL 1076>
R<MOL 1077>
R<MOL 1078>
R<MOL 1079>
R<MOL 1080>
R<MOL 1081>
R<MOL 1082>
R<MOL 1083>
R<MOL 1084>
R<MOL 1085>
R<MOL 1086>
R<MOL 1087>
R<MOL 1088>
R<MOL 1089>
R<MOL 1090>
R<MOL 1091>
R<MOL 1092>
R<MOL 1093>
R<MOL 1094>
R<MOL 1095>
R<MOL 1096>
R<MOL 1097>
R<MOL 1098>
R<MOL 1099>
R<MOL 1100>
R<MOL 1101>
R<MOL 1102>
R<MOL 1103>
R<MOL 1104>
R<MOL 1105>
R<MOL 1106>
R<MOL 1107>
R<MOL 1108>
R<MOL 1109>
R<MOL 1110>
R<MOL 1111>
R<MOL 1112>
R<MOL 1113>
R<MOL 1114>
R<MOL 1115>
R<MOL 1116>
R<MOL 1117>
R<MOL 1118>
R<MOL 1119>
R<MOL 1120>
R<MOL 1121>
R<MOL 1122>
R<MOL 1123>
R<MOL 1124>
R<MOL 1125>
R<MOL 1126>
R<MOL 1127>
R<MOL 1128>
R<MOL 1129>
R<MOL 1130>
R<MOL 1131>
R<MOL 1132>
R<MOL 1133>
R<MOL 1134>
R<MOL 1135>
R<MOL 1136>
R<MOL 1137>
R<MOL 1138>
R<MOL 1139>
R<MOL 1140>
R<MOL 1141>
R<MOL 1142>
R<MOL 1143>
R<MOL 1144>
R<MOL 1145>
R<MOL 1146>
R<MOL 1147>
R<MOL 1148>
R<MOL 1149>
R<MOL 1150>
R<MOL 1151>
R<MOL 1152>
R<MOL 1153>
R<MOL 1154>
R<MOL 1155>
R<MOL 1156>
R<MOL 1157>
R<MOL 1158>
R<MOL 1159>
R<MOL 1160>
R<MOL 1161>
R<MOL 1162>
R<MOL 1163>
R<MOL 1164>
R<MOL 1165>
R<MOL 1166>
R<MOL 1167>
R<MOL 1168>
R<MOL 1169>
R<MOL 1170>
R<MOL 1171>
R<MOL 1172>
R<MOL 1173>
R<MOL 1174>
R<MOL 1175>
R<MOL 1176>
R<MOL 1177>
R<MOL 1178>
R<MOL 1179>
R<MOL 1180>
R<MOL 1181>
R<MOL 1182>
R<MOL 1183>
R<MOL 1184>
R<MOL 1185>
R<MOL 1186>
R<MOL 1187>
R<MOL 1188>
R<MOL 1189>
R<MOL 1190>
R<MOL 1191>
R<MOL 1192>
R<MOL 1193>
R<MOL 1194>
R<MOL 1195>
R<MOL 1196>
R<MOL 1197>
R<MOL 1198>
R<MOL 1199>
R<MOL 1200>
R<MOL 1201>
R<MOL 1202>
R<MOL 1203>
R<MOL 1204>
R<MOL 1205>
R<MOL 1206>
R<MOL 1207>
R<MOL 1208>
R<MOL 1209>
R<MOL 1210>
R<MOL 1211>
R<MOL 1212>
R<MOL 1213>
R<MOL 1214>
R<MOL 1215>
R<MOL 1216>
R<MOL 1217>
R<MOL 1218>
R<MOL 1219>
R<MOL 1220>
R<MOL 1221>
R<MOL 1222>
R<MOL 1223>
R<MOL 1224>
R<MOL 1225>
R<MOL 1226>
R<MOL 1227>
R<MOL 1228>
R<MOL 1229>
R<MOL 1230>
R<MOL 1231>
R<MOL 1232>
R<MOL 1233>
R<MOL 1234>
R<MOL 1235>
R<MOL 1236>
R<MOL 1237>
R<MOL 1238>
R<MOL 1239>
R<MOL 1240>
R<MOL 1241>
R<MOL 1242>
R<MOL 1243>
R<MOL 1244>
R<MOL 1245>
R<MOL 1246>
R<MOL 1247>
R<MOL 1248>
R<MOL 1249>
Checking 'x'....

/mnt/d/Marc/TFG/Simulacions_amber/software/amber24/bin/teLeap: Warning!
The unperturbed charge of the unit (11.215783) is not integral.

/mnt/d/Marc/TFG/Simulacions_amber/software/amber24/bin/teLeap: Warning!
The unperturbed charge of the unit (11.215783) is not zero.
Checking parameters for unit 'x'.
Checking for bond parameters.
Checking for angle parameters.
check:  Warnings: 2
Unit is OK.

    addIons unit ion1 #ion1 [ion2 #ion2]
      UNIT                      _unit_
      UNIT                      _ion1_
      NUMBER                    _#ion1_
      UNIT                      _ion2_
      NUMBER                    _#ion2_
Adds counterions in a shell around _unit_ using a Coulombic potential
on a grid. If _#ion1_ is 0, the _unit_ is neutralized (_ion1_ must be
opposite in charge to _unit_, and _ion2_ cannot be specified). Otherwise,
the specified numbers of _ion1_ [_ion2_] are added [in alternating order].
If solvent is present, it is ignored in the charge and steric calculations,
and if an ion has a steric conflict with a solvent molecule, the ion is
moved to the center of said molecule, and the latter is deleted. (To
avoid this behavior, either solvate _after_ addIons, or use addIons2.)
Ions must be monoatomic. Note that the one-at-a-time procedure is not
guaranteed to globally minimize the electrostatic energy. When neutralizing
regular-backbone nucleic acids, the first cations will generally be added
between phosphates, leaving the final two ions to be placed somewhere around
the middle of the molecule.
The default grid resolution is 1 Angstrom, extending from an inner radius
of (max ion size + max solute atom size) to an outer radius 4 Angstroms
beyond. A distance-dependent dielectric is used for speed.



Exiting LEaP: Errors = 0; Warnings = 2; Notes = 0.
