-I: Adding /mnt/d/Marc/TFG/Simulacions_amber/software/amber24/dat/leap/prep to search path.
-I: Adding /mnt/d/Marc/TFG/Simulacions_amber/software/amber24/dat/leap/lib to search path.
-I: Adding /mnt/d/Marc/TFG/Simulacions_amber/software/amber24/dat/leap/parm to search path.
-I: Adding /mnt/d/Marc/TFG/Simulacions_amber/software/amber24/dat/leap/cmd to search path.
-s: Ignoring all leaprc startup files.
-f: Source tmp_generados/leap_sequencia_0_TFE_100_agua.inp.

Welcome to LEaP!
Sourcing: ./tmp_generados/leap_sequencia_0_TFE_100_agua.inp
----- Source: /mnt/d/Marc/TFG/Simulacions_amber/software/amber24/dat/leap/cmd/leaprc.protein.ff14SB
----- Source of /mnt/d/Marc/TFG/Simulacions_amber/software/amber24/dat/leap/cmd/leaprc.protein.ff14SB done
Log file: ./leap.log
Loading parameters: /mnt/d/Marc/TFG/Simulacions_amber/software/amber24/dat/leap/parm/parm10.dat
Reading title:
PARM99 + frcmod.ff99SB + frcmod.parmbsc0 + OL3 for RNA
Loading parameters: /mnt/d/Marc/TFG/Simulacions_amber/software/amber24/dat/leap/parm/frcmod.ff14SB
Reading force field modification type file (frcmod)
Reading title:
ff14SB protein backbone and sidechain parameters
Loading library: /mnt/d/Marc/TFG/Simulacions_amber/software/amber24/dat/leap/lib/amino12.lib
Loading library: /mnt/d/Marc/TFG/Simulacions_amber/software/amber24/dat/leap/lib/aminoct12.lib
Loading library: /mnt/d/Marc/TFG/Simulacions_amber/software/amber24/dat/leap/lib/aminont12.lib
----- Source: /mnt/d/Marc/TFG/Simulacions_amber/software/amber24/dat/leap/cmd/leaprc.water.tip3p
----- Source of /mnt/d/Marc/TFG/Simulacions_amber/software/amber24/dat/leap/cmd/leaprc.water.tip3p done
Loading library: /mnt/d/Marc/TFG/Simulacions_amber/software/amber24/dat/leap/lib/atomic_ions.lib
Loading library: /mnt/d/Marc/TFG/Simulacions_amber/software/amber24/dat/leap/lib/solvents.lib
Loading parameters: /mnt/d/Marc/TFG/Simulacions_amber/software/amber24/dat/leap/parm/frcmod.tip3p
Reading force field modification type file (frcmod)
Reading title:
This is the additional/replacement parameter set for TIP3P water
Loading parameters: /mnt/d/Marc/TFG/Simulacions_amber/software/amber24/dat/leap/parm/frcmod.ions1lm_126_tip3p
Reading force field modification type file (frcmod)
Reading title:
Li/Merz ion parameters of monovalent ions for TIP3P water model (12-6 normal usage set)
Loading parameters: /mnt/d/Marc/TFG/Simulacions_amber/software/amber24/dat/leap/parm/frcmod.ionsjc_tip3p
Reading force field modification type file (frcmod)
Reading title:
Monovalent ion parameters for Ewald and TIP3P water from Joung & Cheatham JPCB (2008)
Loading parameters: /mnt/d/Marc/TFG/Simulacions_amber/software/amber24/dat/leap/parm/frcmod.ions234lm_126_tip3p
Reading force field modification type file (frcmod)
Reading title:
Li/Merz ion parameters of divalent to tetravalent ions for TIP3P water model (12-6 normal usage set)
----- Source: /mnt/d/Marc/TFG/Simulacions_amber/software/amber24/dat/leap/cmd/leaprc.gaff
----- Source of /mnt/d/Marc/TFG/Simulacions_amber/software/amber24/dat/leap/cmd/leaprc.gaff done
Log file: ./leap.log
Loading parameters: /mnt/d/Marc/TFG/Simulacions_amber/software/amber24/dat/leap/parm/gaff.dat
Reading title:
AMBER General Force Field for organic molecules (Version 1.81, May 2017)
Loading Prep file: ./prepare_TFE/TFE.prepin
Loading parameters: ./prepare_TFE/TFE.frcmod
Reading force field modification type file (frcmod)
Reading title:
Remark line goes here
Loading Mol2 file: ./prepare_TFE/TFE.mol2
Reading MOLECULE named TFE
Using ArgH and AspGluO modified Bondi2 radii
Loading PDB file: ./tmp_generados/sequencia_0_TFE_100_noH.pdb

/mnt/d/Marc/TFG/Simulacions_amber/software/amber24/bin/teLeap: Warning!
One sided connection. Residue (TFE) missing connect0 atom.
  total atoms in file: 896
  Leap added 597 missing atoms according to residue templates:
       597 H / lone pairs
  Solute vdw bounding box:              61.885 63.468 70.622
  Total bounding box for atom centers:  90.622 90.622 90.622
      (box expansion for 'iso' is  20.2%)
  Solvent unit box:                     18.774 18.774 18.774
  Volume: 822674.633 A^3 
  Total mass 409087.084 amu,  Density 0.826 g/cc
  Added 21918 residues.
Adding 11 counter ions to "x" using 1A grid
Grid extends from solute vdw + 5.75  to  11.75
Resolution:      1.00 Angstrom.
Solvent present: replacing closest with ion
	 when steric overlaps occur
Calculating grid charges
(Replacing solvent molecule)
Placed Cl- in x at (9.03, -6.57, -9.03).
(Replacing solvent molecule)
Placed Cl- in x at (9.34, 11.51, -0.24).
(Replacing solvent molecule)
Placed Cl- in x at (-25.87, -3.33, -17.68).
(Replacing solvent molecule)
Placed Cl- in x at (-2.18, 7.89, -8.64).
(Replacing solvent molecule)
Placed Cl- in x at (14.54, -14.05, -3.40).
(Replacing solvent molecule)
Placed Cl- in x at (5.38, 2.46, 12.10).
(Replacing solvent molecule)
Placed Cl- in x at (-17.01, 2.46, -22.83).
(Replacing solvent molecule)
Placed Cl- in x at (-10.49, 4.36, 6.35).
(Replacing solvent molecule)
Placed Cl- in x at (29.04, -0.23, -1.96).
(Replacing solvent molecule)
Placed Cl- in x at (-29.01, 4.51, -8.70).
(Replacing solvent molecule)
Placed Cl- in x at (8.05, -17.23, 9.74).

Done adding ions.
Writing pdb file: tmp_generados/sequencia_0_TFE_100_wat.pdb
   printing CRYST1 record to PDB file with box info

/mnt/d/Marc/TFG/Simulacions_amber/software/amber24/bin/teLeap: Warning!
 Converting N-terminal residue name to PDB format: NSER -> SER
Checking Unit.

/mnt/d/Marc/TFG/Simulacions_amber/software/amber24/bin/teLeap: Warning!
The unperturbed charge of the unit (0.099900) is not integral.

/mnt/d/Marc/TFG/Simulacions_amber/software/amber24/bin/teLeap: Warning!
The unperturbed charge of the unit (0.099900) is not zero.

/mnt/d/Marc/TFG/Simulacions_amber/software/amber24/bin/teLeap: Note.
Ignoring the warnings from Unit Checking.

Building topology.
Building atom parameters.
Building bond parameters.
Building angle parameters.
Building proper torsion parameters.
Building improper torsion parameters.
 total 146 improper torsions applied
Building H-Bond parameters.
Incorporating Non-Bonded adjustments.
Not Marking per-residue atom chain types.
Marking per-residue atom chain types.
  (Residues lacking connect0/connect1 - 
   these don't have chain types marked:

	res	total affected

	NSER	1
	TFE	100
	WAT	21907
  )
 (no restraints)
	Quit

Exiting LEaP: Errors = 0; Warnings = 4; Notes = 1.
