-I: Adding /home/jordivilla/Software/amber24/dat/leap/prep to search path.
-I: Adding /home/jordivilla/Software/amber24/dat/leap/lib to search path.
-I: Adding /home/jordivilla/Software/amber24/dat/leap/parm to search path.
-I: Adding /home/jordivilla/Software/amber24/dat/leap/cmd to search path.
-s: Ignoring all leaprc startup files.
-f: Source tmp_generados/leap_sequencia_0_TFE_250_agua.inp.

Welcome to LEaP!
Sourcing: ./tmp_generados/leap_sequencia_0_TFE_250_agua.inp
----- Source: /home/jordivilla/Software/amber24/dat/leap/cmd/leaprc.protein.ff14SB
----- Source of /home/jordivilla/Software/amber24/dat/leap/cmd/leaprc.protein.ff14SB done
Log file: ./leap.log
Loading parameters: /home/jordivilla/Software/amber24/dat/leap/parm/parm10.dat
Reading title:
PARM99 + frcmod.ff99SB + frcmod.parmbsc0 + OL3 for RNA
Loading parameters: /home/jordivilla/Software/amber24/dat/leap/parm/frcmod.ff14SB
Reading force field modification type file (frcmod)
Reading title:
ff14SB protein backbone and sidechain parameters
Loading library: /home/jordivilla/Software/amber24/dat/leap/lib/amino12.lib
Loading library: /home/jordivilla/Software/amber24/dat/leap/lib/aminoct12.lib
Loading library: /home/jordivilla/Software/amber24/dat/leap/lib/aminont12.lib
----- Source: /home/jordivilla/Software/amber24/dat/leap/cmd/leaprc.water.tip3p
----- Source of /home/jordivilla/Software/amber24/dat/leap/cmd/leaprc.water.tip3p done
Loading library: /home/jordivilla/Software/amber24/dat/leap/lib/atomic_ions.lib
Loading library: /home/jordivilla/Software/amber24/dat/leap/lib/solvents.lib
Loading parameters: /home/jordivilla/Software/amber24/dat/leap/parm/frcmod.tip3p
Reading force field modification type file (frcmod)
Reading title:
This is the additional/replacement parameter set for TIP3P water
Loading parameters: /home/jordivilla/Software/amber24/dat/leap/parm/frcmod.ions1lm_126_tip3p
Reading force field modification type file (frcmod)
Reading title:
Li/Merz ion parameters of monovalent ions for TIP3P water model (12-6 normal usage set)
Loading parameters: /home/jordivilla/Software/amber24/dat/leap/parm/frcmod.ionsjc_tip3p
Reading force field modification type file (frcmod)
Reading title:
Monovalent ion parameters for Ewald and TIP3P water from Joung & Cheatham JPCB (2008)
Loading parameters: /home/jordivilla/Software/amber24/dat/leap/parm/frcmod.ions234lm_126_tip3p
Reading force field modification type file (frcmod)
Reading title:
Li/Merz ion parameters of divalent to tetravalent ions for TIP3P water model (12-6 normal usage set)
----- Source: /home/jordivilla/Software/amber24/dat/leap/cmd/leaprc.gaff
----- Source of /home/jordivilla/Software/amber24/dat/leap/cmd/leaprc.gaff done
Log file: ./leap.log
Loading parameters: /home/jordivilla/Software/amber24/dat/leap/parm/gaff.dat
Reading title:
AMBER General Force Field for organic molecules (Version 1.81, May 2017)
Loading Prep file: ./prepare_TFE/TFE.prepin
Loading parameters: ./prepare_TFE/TFE.frcmod
Reading force field modification type file (frcmod)
Reading title:
Remark line goes here
Loading Mol2 file: ./prepare_TFE/TFE.mol2
Reading MOLECULE named TFE
Using ArgH and AspGluO modified Bondi2 radii
Loading PDB file: ./tmp_generados/sequencia_0_TFE_250_noH.pdb

/home/jordivilla/Software/amber24/bin/teLeap: Warning!
One sided connection. Residue (TFE) missing connect0 atom.
  total atoms in file: 1796
  Leap added 1047 missing atoms according to residue templates:
       1047 H / lone pairs
  Solute vdw bounding box:              66.605 71.102 65.448
  Total bounding box for atom centers:  91.102 91.102 91.102
      (box expansion for 'iso' is  12.2%)
  Solvent unit box:                     18.774 18.774 18.774
  Volume: 829149.991 A^3 
  Total mass 408095.476 amu,  Density 0.817 g/cc
  Added 21030 residues.
Adding 11 counter ions to "x" using 1A grid
Grid extends from solute vdw + 5.75  to  11.75
Resolution:      1.00 Angstrom.
Solvent present: replacing closest with ion
	 when steric overlaps occur
Calculating grid charges
(Replacing solvent molecule)
Placed Cl- in x at (1.13, 10.73, 1.91).
(Replacing solvent molecule)
Placed Cl- in x at (-25.16, 17.43, -10.31).
(Replacing solvent molecule)
Placed Cl- in x at (-14.88, 18.71, -14.65).
(Replacing solvent molecule)
Placed Cl- in x at (20.69, -16.19, -4.15).
(Replacing solvent molecule)
Placed Cl- in x at (-27.58, 17.66, 0.60).
(Replacing solvent molecule)
Placed Cl- in x at (6.55, 8.36, 8.52).
(Replacing solvent molecule)
Placed Cl- in x at (26.32, -7.71, -2.04).
(Replacing solvent molecule)
Placed Cl- in x at (0.74, 6.14, -26.95).
(Replacing solvent molecule)
Placed Cl- in x at (-2.93, -10.82, 24.06).
(Replacing solvent molecule)
Placed Cl- in x at (-33.78, 10.91, -6.90).
(Replacing solvent molecule)
Placed Cl- in x at (20.05, 15.27, 19.06).

Done adding ions.
Writing pdb file: tmp_generados/sequencia_0_TFE_250_wat.pdb
   printing CRYST1 record to PDB file with box info

/home/jordivilla/Software/amber24/bin/teLeap: Warning!
 Converting N-terminal residue name to PDB format: NSER -> SER
Checking Unit.

/home/jordivilla/Software/amber24/bin/teLeap: Warning!
The unperturbed charge of the unit (0.249750) is not integral.

/home/jordivilla/Software/amber24/bin/teLeap: Warning!
The unperturbed charge of the unit (0.249750) is not zero.

/home/jordivilla/Software/amber24/bin/teLeap: Note.
Ignoring the warnings from Unit Checking.

Building topology.
Building atom parameters.
Building bond parameters.
Building angle parameters.
Building proper torsion parameters.
Building improper torsion parameters.
 total 146 improper torsions applied
Building H-Bond parameters.
Incorporating Non-Bonded adjustments.
Not Marking per-residue atom chain types.
Marking per-residue atom chain types.
  (Residues lacking connect0/connect1 - 
   these don't have chain types marked:

	res	total affected

	NSER	1
	TFE	250
	WAT	21019
  )
 (no restraints)
	Quit

Exiting LEaP: Errors = 0; Warnings = 4; Notes = 1.
